--------------------------------------------------------------------------------
Release 13.4 Trace  (lin64)
Copyright (c) 1995-2011 Xilinx, Inc.  All rights reserved.

/opt/Xilinx/13.4/ISE_DS/ISE/bin/lin64/unwrapped/trce -intstyle ise -v 3 -s 5 -n
3 -fastpaths -xml shift_reg.twx shift_reg.ncd -o shift_reg.twr shift_reg.pcf

Design file:              shift_reg.ncd
Physical constraint file: shift_reg.pcf
Device,package,speed:     xc3s500e,fg320,-5 (PRODUCTION 1.27 2012-01-07)
Report level:             verbose report

Environment Variable      Effect 
--------------------      ------ 
NONE                      No environment variables were set
--------------------------------------------------------------------------------

INFO:Timing:2698 - No timing constraints found, doing default enumeration.
INFO:Timing:3412 - To improve timing, see the Timing Closure User Guide (UG612).
INFO:Timing:2752 - To get complete path coverage, use the unconstrained paths 
   option. All paths that are not constrained will be reported in the 
   unconstrained paths section(s) of the report.
INFO:Timing:3339 - The clock-to-out numbers in this timing report are based on 
   a 50 Ohm transmission line loading model.  For the details of this model, 
   and for more information on accounting for different loading conditions, 
   please see the device datasheet.
INFO:Timing:3390 - This architecture does not support a default System Jitter 
   value, please add SYSTEM_JITTER constraint to the UCF to modify the Clock 
   Uncertainty calculation.
INFO:Timing:3389 - This architecture does not support 'Discrete Jitter' and 
   'Phase Error' calculations, these terms will be zero in the Clock 
   Uncertainty calculation.  Please make appropriate modification to 
   SYSTEM_JITTER to account for the unsupported Discrete Jitter and Phase 
   Error.



Data Sheet report:
-----------------
All values displayed in nanoseconds (ns)

Setup/Hold to clock clk
---------------+------------+------------+------------------+--------+
               |Max Setup to|Max Hold to |                  | Clock  |
Source         | clk (edge) | clk (edge) |Internal Clock(s) | Phase  |
---------------+------------+------------+------------------+--------+
left_shift_inp |    1.037(F)|    0.302(F)|clk_BUFGP         |   0.000|
p_in0          |    0.995(F)|    0.335(F)|clk_BUFGP         |   0.000|
p_in1          |    1.067(F)|    0.278(F)|clk_BUFGP         |   0.000|
p_in2          |    0.892(F)|    0.417(F)|clk_BUFGP         |   0.000|
p_in3          |    0.590(F)|    0.663(F)|clk_BUFGP         |   0.000|
right_shift_inp|    0.389(F)|    0.864(F)|clk_BUFGP         |   0.000|
select0        |    1.512(F)|    1.007(F)|clk_BUFGP         |   0.000|
select1        |    2.129(F)|    0.411(F)|clk_BUFGP         |   0.000|
---------------+------------+------------+------------------+--------+

Clock clk to Pad
------------+------------+------------------+--------+
            | clk (edge) |                  | Clock  |
Destination |   to PAD   |Internal Clock(s) | Phase  |
------------+------------+------------------+--------+
p_out0      |    7.326(F)|clk_BUFGP         |   0.000|
p_out1      |    7.246(F)|clk_BUFGP         |   0.000|
p_out2      |    6.513(F)|clk_BUFGP         |   0.000|
p_out3      |    6.513(F)|clk_BUFGP         |   0.000|
------------+------------+------------------+--------+

Clock to Setup on destination clock clk
---------------+---------+---------+---------+---------+
               | Src:Rise| Src:Fall| Src:Rise| Src:Fall|
Source Clock   |Dest:Rise|Dest:Rise|Dest:Fall|Dest:Fall|
---------------+---------+---------+---------+---------+
clk            |         |         |         |    2.352|
---------------+---------+---------+---------+---------+


Analysis completed Mon Nov 11 22:35:46 2019 
--------------------------------------------------------------------------------

Trace Settings:
-------------------------
Trace Settings 

Peak Memory Usage: 347 MB



