Command line:
   shift_reg_tb_isim_beh.exe
     -simmode  gui
     -simrunnum  0
     -socket  56597

Mon Nov 11 22:44:15 2019


 Elaboration Time: 0.03 sec

 Current Memory Usage: 181.514 Meg

 Total Signals          : 26
 Total Nets             : 26
 Total Signal Drivers   : 18
 Total Blocks           : 3
 Total Primitive Blocks : 2
 Total Processes        : 30
 Total Traceable Variables  : 31
 Total Scalar Nets and Variables : 119
Total Line Count : 50

 Total Simulation Time: 0.03 sec

 Current Memory Usage: 257.016 Meg

Mon Nov 11 22:45:14 2019

